<?xml version="1.0" encoding="UTF-8"?>
<testsuite name="com.techforum.api.restapidemo.RestapidemoApplicationTests" tests="1" skipped="0" failures="0" errors="0" timestamp="2022-11-23T03:10:23" hostname="LIN51009485" time="0.006">
  <properties/>
  <testcase name="contextLoads()" classname="com.techforum.api.restapidemo.RestapidemoApplicationTests" time="0.006"/>
  <system-out><![CDATA[2022-11-23 08:40:22.412  INFO 8472 --- [    Test worker] .b.t.c.SpringBootTestContextBootstrapper : Neither @ContextConfiguration nor @ContextHierarchy found for test class [com.techforum.api.restapidemo.RestapidemoApplicationTests], using SpringBootContextLoader
2022-11-23 08:40:22.413  INFO 8472 --- [    Test worker] o.s.t.c.support.AbstractContextLoader    : Could not detect default resource locations for test class [com.techforum.api.restapidemo.RestapidemoApplicationTests]: no resource found for suffixes {-context.xml, Context.groovy}.
2022-11-23 08:40:22.413  INFO 8472 --- [    Test worker] t.c.s.AnnotationConfigContextLoaderUtils : Could not detect default configuration classes for test class [com.techforum.api.restapidemo.RestapidemoApplicationTests]: RestapidemoApplicationTests does not declare any static, non-private, non-final, nested classes annotated with @Configuration.
2022-11-23 08:40:22.417  INFO 8472 --- [    Test worker] .b.t.c.SpringBootTestContextBootstrapper : Found @SpringBootConfiguration com.techforum.api.restapidemo.RestapidemoApplication for test class com.techforum.api.restapidemo.RestapidemoApplicationTests
2022-11-23 08:40:22.420  INFO 8472 --- [    Test worker] .b.t.c.SpringBootTestContextBootstrapper : Loaded default TestExecutionListener class names from location [META-INF/spring.factories]: [org.springframework.boot.test.autoconfigure.restdocs.RestDocsTestExecutionListener, org.springframework.boot.test.autoconfigure.web.client.MockRestServiceServerResetTestExecutionListener, org.springframework.boot.test.autoconfigure.web.servlet.MockMvcPrintOnlyOnFailureTestExecutionListener, org.springframework.boot.test.autoconfigure.web.servlet.WebDriverTestExecutionListener, org.springframework.boot.test.autoconfigure.webservices.client.MockWebServiceServerTestExecutionListener, org.springframework.boot.test.mock.mockito.MockitoTestExecutionListener, org.springframework.boot.test.mock.mockito.ResetMocksTestExecutionListener, org.springframework.test.context.web.ServletTestExecutionListener, org.springframework.test.context.support.DirtiesContextBeforeModesTestExecutionListener, org.springframework.test.context.support.DependencyInjectionTestExecutionListener, org.springframework.test.context.support.DirtiesContextTestExecutionListener, org.springframework.test.context.transaction.TransactionalTestExecutionListener, org.springframework.test.context.jdbc.SqlScriptsTestExecutionListener, org.springframework.test.context.event.EventPublishingTestExecutionListener]
2022-11-23 08:40:22.421  INFO 8472 --- [    Test worker] .b.t.c.SpringBootTestContextBootstrapper : Using TestExecutionListeners: [org.springframework.test.context.web.ServletTestExecutionListener@797a6cb5, org.springframework.test.context.support.DirtiesContextBeforeModesTestExecutionListener@6fdbb914, org.springframework.boot.test.mock.mockito.MockitoTestExecutionListener@4d07750, org.springframework.boot.test.autoconfigure.SpringBootDependencyInjectionTestExecutionListener@4e776050, org.springframework.test.context.support.DirtiesContextTestExecutionListener@64c2b2ef, org.springframework.test.context.transaction.TransactionalTestExecutionListener@5663a47a, org.springframework.test.context.jdbc.SqlScriptsTestExecutionListener@510e3311, org.springframework.test.context.event.EventPublishingTestExecutionListener@248eac80, org.springframework.boot.test.autoconfigure.restdocs.RestDocsTestExecutionListener@552a2734, org.springframework.boot.test.autoconfigure.web.client.MockRestServiceServerResetTestExecutionListener@1e21199f, org.springframework.boot.test.autoconfigure.web.servlet.MockMvcPrintOnlyOnFailureTestExecutionListener@3e9737f1, org.springframework.boot.test.autoconfigure.web.servlet.WebDriverTestExecutionListener@6fac760f, org.springframework.boot.test.autoconfigure.webservices.client.MockWebServiceServerTestExecutionListener@6bbbff49, org.springframework.boot.test.mock.mockito.ResetMocksTestExecutionListener@7d40ee40]

  .   ____          _            __ _ _
 /\\ / ___'_ __ _ _(_)_ __  __ _ \ \ \ \
( ( )\___ | '_ | '_| | '_ \/ _` | \ \ \ \
 \\/  ___)| |_)| | | | | || (_| |  ) ) ) )
  '  |____| .__|_| |_|_| |_\__, | / / / /
 =========|_|==============|___/=/_/_/_/
 :: Spring Boot ::        (v2.3.1.RELEASE)

2022-11-23 08:40:22.453  INFO 8472 --- [    Test worker] c.t.a.r.RestapidemoApplicationTests      : Starting RestapidemoApplicationTests on LIN51009485 with PID 8472 (started by bkurmi in C:\Users\bkurmi\IdeaProjects\restapidemo)
2022-11-23 08:40:22.453  INFO 8472 --- [    Test worker] c.t.a.r.RestapidemoApplicationTests      : No active profile set, falling back to default profiles: default
2022-11-23 08:40:22.791  INFO 8472 --- [    Test worker] .s.d.r.c.RepositoryConfigurationDelegate : Bootstrapping Spring Data JPA repositories in DEFERRED mode.
2022-11-23 08:40:22.804  INFO 8472 --- [    Test worker] .s.d.r.c.RepositoryConfigurationDelegate : Finished Spring Data repository scanning in 8ms. Found 0 JPA repository interfaces.
2022-11-23 08:40:23.027  INFO 8472 --- [    Test worker] o.s.s.concurrent.ThreadPoolTaskExecutor  : Initializing ExecutorService 'applicationTaskExecutor'
2022-11-23 08:40:23.035  INFO 8472 --- [    Test worker] com.zaxxer.hikari.HikariDataSource       : HikariPool-3 - Starting...
2022-11-23 08:40:23.038  INFO 8472 --- [    Test worker] com.zaxxer.hikari.HikariDataSource       : HikariPool-3 - Start completed.
2022-11-23 08:40:23.059  INFO 8472 --- [         task-1] o.hibernate.jpa.internal.util.LogHelper  : HHH000204: Processing PersistenceUnitInfo [name: default]
2022-11-23 08:40:23.072  INFO 8472 --- [         task-1] org.hibernate.dialect.Dialect            : HHH000400: Using dialect: org.hibernate.dialect.H2Dialect
2022-11-23 08:40:23.090  INFO 8472 --- [         task-1] o.h.e.t.j.p.i.JtaPlatformInitiator       : HHH000490: Using JtaPlatform implementation: [org.hibernate.engine.transaction.jta.platform.internal.NoJtaPlatform]
2022-11-23 08:40:23.092  INFO 8472 --- [         task-1] j.LocalContainerEntityManagerFactoryBean : Initialized JPA EntityManagerFactory for persistence unit 'default'
2022-11-23 08:40:23.208  WARN 8472 --- [    Test worker] JpaBaseConfiguration$JpaWebConfiguration : spring.jpa.open-in-view is enabled by default. Therefore, database queries may be performed during view rendering. Explicitly configure spring.jpa.open-in-view to disable this warning
2022-11-23 08:40:23.541  INFO 8472 --- [    Test worker] o.s.b.a.h2.H2ConsoleAutoConfiguration    : H2 console available at '/h2-console'. Database available at 'jdbc:h2:mem:testdb'
2022-11-23 08:40:23.586  INFO 8472 --- [    Test worker] DeferredRepositoryInitializationListener : Triggering deferred initialization of Spring Data repositories…
2022-11-23 08:40:23.596  INFO 8472 --- [    Test worker] DeferredRepositoryInitializationListener : Spring Data repositories initialized!
2022-11-23 08:40:23.601  INFO 8472 --- [    Test worker] c.t.a.r.RestapidemoApplicationTests      : Started RestapidemoApplicationTests in 1.177 seconds (JVM running for 10.06)
]]></system-out>
  <system-err><![CDATA[]]></system-err>
</testsuite>
